Timestamp           | RAM Used(GB) | RAM Total(GB) | GPU Mem Used(GB) | GPU Mem Total(GB) | GPU Util(%) | CPU Util(%)
Start Time:    Mon Nov 25 12:39:24 CST 2024
CPU Cores:     1
------------------------------------------------------------------------------------------------------
2024-11-25 12:39:24 |        66.00 |      1007.00 |            0.00 |        40536.00 |        0.0 |        1.2
2024-11-25 12:40:24 |       129.00 |      1007.00 |          600.00 |        40536.00 |        0.0 |        1.4
2024-11-25 12:41:24 |       129.00 |      1007.00 |          600.00 |        40536.00 |        0.0 |        1.0
2024-11-25 12:42:25 |       181.00 |      1007.00 |          600.00 |        40536.00 |        0.0 |        1.0
2024-11-25 12:43:25 |       179.00 |      1007.00 |        22262.00 |        40536.00 |       92.0 |        1.0
2024-11-25 12:44:26 |       180.00 |      1007.00 |        22262.00 |        40536.00 |       96.0 |        1.1
2024-11-25 12:45:26 |       182.00 |      1007.00 |        22262.00 |        40536.00 |       75.0 |        1.1
2024-11-25 12:46:27 |       183.00 |      1007.00 |        22262.00 |        40536.00 |       96.0 |        1.1
2024-11-25 12:47:27 |       184.00 |      1007.00 |        22262.00 |        40536.00 |       65.0 |        1.4
2024-11-25 12:48:28 |       185.00 |      1007.00 |        22262.00 |        40536.00 |       96.0 |        1.0
2024-11-25 12:49:28 |       186.00 |      1007.00 |        22262.00 |        40536.00 |       76.0 |        1.2
2024-11-25 12:50:28 |       188.00 |      1007.00 |        22262.00 |        40536.00 |       96.0 |        1.1
2024-11-25 12:51:29 |       189.00 |      1007.00 |        22262.00 |        40536.00 |       92.0 |        1.1
2024-11-25 12:52:29 |       190.00 |      1007.00 |        22262.00 |        40536.00 |       95.0 |        1.2
2024-11-25 12:53:30 |       191.00 |      1007.00 |        22262.00 |        40536.00 |       75.0 |        1.1
2024-11-25 12:54:30 |       192.00 |      1007.00 |        22262.00 |        40536.00 |       76.0 |        1.0
2024-11-25 12:55:31 |       193.00 |      1007.00 |        22262.00 |        40536.00 |       96.0 |        1.2
2024-11-25 12:56:31 |       194.00 |      1007.00 |        22262.00 |        40536.00 |       67.0 |        1.0
2024-11-25 12:57:32 |       196.00 |      1007.00 |        22262.00 |        40536.00 |       88.0 |        1.1
2024-11-25 12:58:32 |       197.00 |      1007.00 |        22262.00 |        40536.00 |       73.0 |        1.0
2024-11-25 12:59:33 |       198.00 |      1007.00 |        22262.00 |        40536.00 |       69.0 |        1.1
2024-11-25 13:00:33 |       199.00 |      1007.00 |        22262.00 |        40536.00 |       72.0 |        1.5
2024-11-25 13:01:33 |       200.00 |      1007.00 |        22262.00 |        40536.00 |       67.0 |        1.0
2024-11-25 13:02:34 |       202.00 |      1007.00 |        22262.00 |        40536.00 |       72.0 |        1.0
2024-11-25 13:03:34 |       203.00 |      1007.00 |        22262.00 |        40536.00 |       82.0 |        1.1
2024-11-25 13:04:35 |       204.00 |      1007.00 |        22262.00 |        40536.00 |       75.0 |        1.4
2024-11-25 13:05:35 |       205.00 |      1007.00 |        22262.00 |        40536.00 |       95.0 |        1.1
2024-11-25 13:06:36 |       207.00 |      1007.00 |        22262.00 |        40536.00 |       74.0 |        1.6
2024-11-25 13:07:36 |       208.00 |      1007.00 |        22262.00 |        40536.00 |       75.0 |        1.4
2024-11-25 13:08:37 |       210.00 |      1007.00 |        22262.00 |        40536.00 |       73.0 |        1.6
2024-11-25 13:09:37 |       211.00 |      1007.00 |        22262.00 |        40536.00 |       78.0 |        1.3
2024-11-25 13:10:37 |       212.00 |      1007.00 |        22262.00 |        40536.00 |       71.0 |        1.3
2024-11-25 13:11:38 |       210.00 |      1007.00 |        22262.00 |        40536.00 |       96.0 |        1.3
2024-11-25 13:12:38 |       212.00 |      1007.00 |        22262.00 |        40536.00 |       80.0 |        2.2
2024-11-25 13:13:39 |       214.00 |      1007.00 |        22262.00 |        40536.00 |       68.0 |        1.3
2024-11-25 13:14:39 |       216.00 |      1007.00 |        22262.00 |        40536.00 |       71.0 |        1.3
2024-11-25 13:15:40 |       218.00 |      1007.00 |        22262.00 |        40536.00 |       93.0 |        2.7
2024-11-25 13:16:40 |       222.00 |      1007.00 |        22262.00 |        40536.00 |       72.0 |        2.5
2024-11-25 13:17:41 |       224.00 |      1007.00 |        22262.00 |        40536.00 |       73.0 |        1.8
2024-11-25 13:18:41 |       228.00 |      1007.00 |        22262.00 |        40536.00 |       96.0 |        2.6
2024-11-25 13:19:41 |       226.00 |      1007.00 |        22262.00 |        40536.00 |       95.0 |        2.6
2024-11-25 13:20:42 |       229.00 |      1007.00 |        22262.00 |        40536.00 |       75.0 |        1.5
2024-11-25 13:21:42 |       231.00 |      1007.00 |        22262.00 |        40536.00 |       74.0 |        2.1
2024-11-25 13:22:43 |       230.00 |      1007.00 |        22262.00 |        40536.00 |       96.0 |        1.5
2024-11-25 13:23:43 |       234.00 |      1007.00 |        22262.00 |        40536.00 |       74.0 |        2.1
2024-11-25 13:24:44 |       232.00 |      1007.00 |        22262.00 |        40536.00 |       76.0 |        1.5
2024-11-25 13:25:44 |       236.00 |      1007.00 |        22262.00 |        40536.00 |       70.0 |        1.5
2024-11-25 13:26:45 |       238.00 |      1007.00 |        22262.00 |        40536.00 |       96.0 |        2.7
2024-11-25 13:27:45 |       236.00 |      1007.00 |        22262.00 |        40536.00 |       92.0 |        1.5
2024-11-25 13:28:45 |       240.00 |      1007.00 |        22262.00 |        40536.00 |       73.0 |        2.3
2024-11-25 13:29:46 |       238.00 |      1007.00 |        22262.00 |        40536.00 |       88.0 |        1.5
2024-11-25 13:30:46 |       242.00 |      1007.00 |        22262.00 |        40536.00 |       76.0 |        1.5
2024-11-25 13:31:47 |       239.00 |      1007.00 |        22262.00 |        40536.00 |       75.0 |        1.9
2024-11-25 13:32:47 |       243.00 |      1007.00 |        22262.00 |        40536.00 |       76.0 |        1.6
2024-11-25 13:33:48 |       245.00 |      1007.00 |        22262.00 |        40536.00 |       76.0 |        1.9
2024-11-25 13:34:48 |       244.00 |      1007.00 |        22262.00 |        40536.00 |       77.0 |        2.2
2024-11-25 13:35:49 |       247.00 |      1007.00 |        22262.00 |        40536.00 |       73.0 |        2.2
2024-11-25 13:36:49 |       249.00 |      1007.00 |        22262.00 |        40536.00 |       83.0 |        1.9
2024-11-25 13:37:49 |       248.00 |      1007.00 |        22262.00 |        40536.00 |       67.0 |        1.9
2024-11-25 13:38:50 |       251.00 |      1007.00 |        22262.00 |        40536.00 |       79.0 |        2.6
2024-11-25 13:39:50 |       253.00 |      1007.00 |        22262.00 |        40536.00 |       76.0 |        1.9
2024-11-25 13:40:51 |       252.00 |      1007.00 |        22262.00 |        40536.00 |       75.0 |        2.4
2024-11-25 13:41:51 |       255.00 |      1007.00 |        22262.00 |        40536.00 |       87.0 |        3.3
2024-11-25 13:42:52 |       253.00 |      1007.00 |        22262.00 |        40536.00 |       92.0 |        2.1
2024-11-25 13:43:52 |       256.00 |      1007.00 |        22262.00 |        40536.00 |       68.0 |        1.8
2024-11-25 13:44:53 |       259.00 |      1007.00 |        22262.00 |        40536.00 |       96.0 |        2.6
2024-11-25 13:45:53 |       257.00 |      1007.00 |        22262.00 |        40536.00 |       68.0 |        1.8
2024-11-25 13:46:53 |       261.00 |      1007.00 |        22262.00 |        40536.00 |       73.0 |        1.5
2024-11-25 13:47:54 |       258.00 |      1007.00 |        22262.00 |        40536.00 |       82.0 |        1.5
2024-11-25 13:48:54 |       261.00 |      1007.00 |        22262.00 |        40536.00 |       72.0 |        1.7
2024-11-25 13:49:55 |       264.00 |      1007.00 |        22262.00 |        40536.00 |       72.0 |        1.5
2024-11-25 13:50:55 |       262.00 |      1007.00 |        22262.00 |        40536.00 |       96.0 |        1.6
2024-11-25 13:51:56 |       266.00 |      1007.00 |        22262.00 |        40536.00 |       77.0 |        1.9
2024-11-25 13:52:56 |       264.00 |      1007.00 |        22262.00 |        40536.00 |       74.0 |        1.5
2024-11-25 13:53:57 |       267.00 |      1007.00 |        22262.00 |        40536.00 |       75.0 |        1.6
2024-11-25 13:54:57 |       270.00 |      1007.00 |        22262.00 |        40536.00 |       72.0 |        1.8
2024-11-25 13:55:58 |       269.00 |      1007.00 |        22262.00 |        40536.00 |       74.0 |        1.4
2024-11-25 13:56:58 |       272.00 |      1007.00 |        22262.00 |        40536.00 |       75.0 |        1.5
2024-11-25 13:57:58 |       270.00 |      1007.00 |        22262.00 |        40536.00 |       66.0 |        1.5
2024-11-25 13:58:59 |       273.00 |      1007.00 |        22262.00 |        40536.00 |       56.0 |        1.9
2024-11-25 13:59:59 |       276.00 |      1007.00 |        22262.00 |        40536.00 |       96.0 |        1.5
2024-11-25 14:01:00 |       275.00 |      1007.00 |        22262.00 |        40536.00 |       69.0 |        1.5
2024-11-25 14:02:00 |       278.00 |      1007.00 |        22262.00 |        40536.00 |       94.0 |        1.5
2024-11-25 14:03:01 |       276.00 |      1007.00 |        22262.00 |        40536.00 |       96.0 |        1.9
2024-11-25 14:04:01 |       279.00 |      1007.00 |        22262.00 |        40536.00 |       75.0 |        1.4
2024-11-25 14:05:02 |       277.00 |      1007.00 |        22262.00 |        40536.00 |       68.0 |        1.5
2024-11-25 14:06:02 |       280.00 |      1007.00 |        22262.00 |        40536.00 |       70.0 |        1.5
2024-11-25 14:07:02 |       283.00 |      1007.00 |        22262.00 |        40536.00 |       69.0 |        1.5
2024-11-25 14:08:03 |       282.00 |      1007.00 |        22262.00 |        40536.00 |       70.0 |        1.5
2024-11-25 14:09:03 |       285.00 |      1007.00 |        22262.00 |        40536.00 |       79.0 |        1.6
2024-11-25 14:10:04 |       298.00 |      1007.00 |        22262.00 |        40536.00 |        0.0 |        1.6
2024-11-25 14:11:04 |       379.00 |      1007.00 |        22262.00 |        40536.00 |        0.0 |        1.4
2024-11-25 14:12:05 |       274.00 |      1007.00 |        22262.00 |        40536.00 |        0.0 |        1.5
2024-11-25 14:13:05 |       272.00 |      1007.00 |        22262.00 |        40536.00 |        0.0 |        1.4
2024-11-25 14:14:06 |       274.00 |      1007.00 |        22262.00 |        40536.00 |        0.0 |        1.7
2024-11-25 14:15:06 |       270.00 |      1007.00 |        22262.00 |        40536.00 |        0.0 |        1.7
2024-11-25 14:16:07 |       272.00 |      1007.00 |        22262.00 |        40536.00 |        0.0 |        1.5
=== Final Status ===
End Time:      Mon Nov 25 14:16:52 CST 2024
Final CPU Usage: 1%
