Timestamp           | RAM Used(GB) | RAM Total(GB) | GPU Mem Used(KB) | GPU Mem Total(KB) | GPU Util(%) | CPU Util(%)
Job ID:        29769
------------------------------------------------------------------------------------------------------
Start Time:    Tue Dec  3 16:05:28 CST 2024
CPU Cores:     8
2024-12-03 16:05:28 |        40.00 |      1007.00 |            0.00 |        40536.00 |        0.0 |        2.2
2024-12-03 16:06:28 |       103.00 |      1007.00 |          662.00 |        40536.00 |        0.0 |        2.0
2024-12-03 16:07:28 |       113.00 |      1007.00 |          662.00 |        40536.00 |        0.0 |        2.1
2024-12-03 16:08:29 |       130.00 |      1007.00 |          662.00 |        40536.00 |        0.0 |        2.1
2024-12-03 16:09:29 |       150.00 |      1007.00 |          662.00 |        40536.00 |        0.0 |        2.1
2024-12-03 16:10:29 |       155.00 |      1007.00 |          662.00 |        40536.00 |        0.0 |        2.1
2024-12-03 16:11:30 |       153.00 |      1007.00 |        23336.00 |        40536.00 |       97.0 |        2.1
2024-12-03 16:12:30 |       154.00 |      1007.00 |        23336.00 |        40536.00 |       93.0 |        2.2
2024-12-03 16:13:30 |       155.00 |      1007.00 |        23336.00 |        40536.00 |       93.0 |        2.1
2024-12-03 16:14:31 |       157.00 |      1007.00 |        23336.00 |        40536.00 |       93.0 |        2.1
2024-12-03 16:15:31 |       158.00 |      1007.00 |        23336.00 |        40536.00 |       93.0 |        2.1
2024-12-03 16:16:31 |       159.00 |      1007.00 |        23336.00 |        40536.00 |       93.0 |        2.2
2024-12-03 16:17:32 |       160.00 |      1007.00 |        23336.00 |        40536.00 |        0.0 |        2.1
2024-12-03 16:18:32 |       162.00 |      1007.00 |        23336.00 |        40536.00 |       93.0 |        2.6
2024-12-03 16:19:32 |       165.00 |      1007.00 |        23336.00 |        40536.00 |       93.0 |        3.3
2024-12-03 16:20:33 |       169.00 |      1007.00 |        23336.00 |        40536.00 |       93.0 |        3.1
2024-12-03 16:21:33 |       170.00 |      1007.00 |        23336.00 |        40536.00 |       93.0 |        2.9
2024-12-03 16:22:33 |       172.00 |      1007.00 |        23336.00 |        40536.00 |       93.0 |        2.9
2024-12-03 16:23:34 |       172.00 |      1007.00 |        23336.00 |        40536.00 |       89.0 |        2.9
2024-12-03 16:24:34 |       175.00 |      1007.00 |        23336.00 |        40536.00 |       97.0 |        3.0
2024-12-03 16:25:34 |       177.00 |      1007.00 |        23336.00 |        40536.00 |       97.0 |        3.0
2024-12-03 16:26:35 |       175.00 |      1007.00 |        23336.00 |        40536.00 |       93.0 |        3.3
2024-12-03 16:27:35 |       179.00 |      1007.00 |        23336.00 |        40536.00 |       93.0 |        2.9
2024-12-03 16:28:35 |       182.00 |      1007.00 |        23336.00 |        40536.00 |       93.0 |        3.0
2024-12-03 16:29:36 |       184.00 |      1007.00 |        23336.00 |        40536.00 |       75.0 |        3.2
2024-12-03 16:30:36 |       182.00 |      1007.00 |        23336.00 |        40536.00 |       97.0 |        2.9
2024-12-03 16:31:36 |       186.00 |      1007.00 |        23336.00 |        40536.00 |       93.0 |        2.9
2024-12-03 16:32:37 |       188.00 |      1007.00 |        23336.00 |        40536.00 |       93.0 |        2.9
2024-12-03 16:33:37 |       186.00 |      1007.00 |        23336.00 |        40536.00 |       93.0 |        2.9
2024-12-03 16:34:37 |       190.00 |      1007.00 |        23336.00 |        40536.00 |       97.0 |        3.0
2024-12-03 16:35:38 |       193.00 |      1007.00 |        23336.00 |        40536.00 |       93.0 |        3.6
2024-12-03 16:36:38 |       192.00 |      1007.00 |        23336.00 |        40536.00 |       93.0 |        2.6
2024-12-03 16:37:38 |       196.00 |      1007.00 |        23336.00 |        40536.00 |       97.0 |        2.8
2024-12-03 16:38:39 |       198.00 |      1007.00 |        23336.00 |        40536.00 |       93.0 |        3.4
2024-12-03 16:39:39 |       197.00 |      1007.00 |        23336.00 |        40536.00 |       93.0 |        2.5
2024-12-03 16:40:39 |       200.00 |      1007.00 |        23336.00 |        40536.00 |       97.0 |        2.6
2024-12-03 16:41:40 |       198.00 |      1007.00 |        23336.00 |        40536.00 |       91.0 |        2.7
2024-12-03 16:42:40 |       202.00 |      1007.00 |        23336.00 |        40536.00 |       92.0 |        2.6
2024-12-03 16:43:40 |       204.00 |      1007.00 |        23336.00 |        40536.00 |       93.0 |        2.6
2024-12-03 16:44:41 |       203.00 |      1007.00 |        23336.00 |        40536.00 |       97.0 |        2.5
2024-12-03 16:45:41 |       207.00 |      1007.00 |        23336.00 |        40536.00 |       93.0 |        2.5
2024-12-03 16:46:41 |       209.00 |      1007.00 |        23336.00 |        40536.00 |       92.0 |        2.5
2024-12-03 16:47:42 |       208.00 |      1007.00 |        23336.00 |        40536.00 |       93.0 |        2.5
2024-12-03 16:48:42 |       211.00 |      1007.00 |        23336.00 |        40536.00 |       92.0 |        2.5
2024-12-03 16:49:42 |       209.00 |      1007.00 |        23336.00 |        40536.00 |       97.0 |        2.5
2024-12-03 16:50:43 |       213.00 |      1007.00 |        23336.00 |        40536.00 |       93.0 |        2.6
2024-12-03 16:51:43 |       216.00 |      1007.00 |        23336.00 |        40536.00 |       93.0 |        2.5
2024-12-03 16:52:43 |       215.00 |      1007.00 |        23336.00 |        40536.00 |       95.0 |        2.6
2024-12-03 16:53:44 |       218.00 |      1007.00 |        23336.00 |        40536.00 |       97.0 |        2.6
2024-12-03 16:54:44 |       215.00 |      1007.00 |        23336.00 |        40536.00 |       93.0 |        3.3
2024-12-03 16:55:44 |       219.00 |      1007.00 |        23336.00 |        40536.00 |       93.0 |        2.5
2024-12-03 16:56:45 |       223.00 |      1007.00 |        23336.00 |        40536.00 |       92.0 |        2.7
2024-12-03 16:57:45 |       221.00 |      1007.00 |        23336.00 |        40536.00 |       93.0 |        2.6
2024-12-03 16:58:45 |       225.00 |      1007.00 |        23336.00 |        40536.00 |       97.0 |        2.2
2024-12-03 16:59:46 |       223.00 |      1007.00 |        23336.00 |        40536.00 |       93.0 |        2.6
2024-12-03 17:00:46 |       227.00 |      1007.00 |        23336.00 |        40536.00 |       97.0 |        2.5
2024-12-03 17:01:46 |       229.00 |      1007.00 |        23336.00 |        40536.00 |       92.0 |        2.7
2024-12-03 17:02:47 |       228.00 |      1007.00 |        23336.00 |        40536.00 |       90.0 |        2.5
2024-12-03 17:03:47 |       232.00 |      1007.00 |        23336.00 |        40536.00 |       93.0 |        2.6
2024-12-03 17:04:47 |       234.00 |      1007.00 |        23336.00 |        40536.00 |       92.0 |        2.5
2024-12-03 17:05:48 |       233.00 |      1007.00 |        23336.00 |        40536.00 |       93.0 |        2.7
2024-12-03 17:06:48 |       236.00 |      1007.00 |        23336.00 |        40536.00 |       93.0 |        2.7
2024-12-03 17:07:49 |       235.00 |      1007.00 |        23336.00 |        40536.00 |       93.0 |        2.7
2024-12-03 17:08:49 |       239.00 |      1007.00 |        23336.00 |        40536.00 |       93.0 |        2.5
2024-12-03 17:09:49 |       237.00 |      1007.00 |        23336.00 |        40536.00 |       93.0 |        2.5
2024-12-03 17:10:49 |       241.00 |      1007.00 |        23336.00 |        40536.00 |       93.0 |        2.6
2024-12-03 17:11:50 |       243.00 |      1007.00 |        23336.00 |        40536.00 |       97.0 |        3.0
2024-12-03 17:12:50 |       242.00 |      1007.00 |        23336.00 |        40536.00 |       93.0 |        2.6
2024-12-03 17:13:51 |       248.00 |      1007.00 |        23336.00 |        40536.00 |       93.0 |        3.4
2024-12-03 17:14:51 |       251.00 |      1007.00 |        23336.00 |        40536.00 |       92.0 |        3.3
2024-12-03 17:15:51 |       255.00 |      1007.00 |        23336.00 |        40536.00 |       97.0 |        4.1
2024-12-03 17:16:51 |       251.00 |      1007.00 |        23336.00 |        40536.00 |       93.0 |        3.3
2024-12-03 17:17:52 |       257.00 |      1007.00 |        23336.00 |        40536.00 |       93.0 |        3.6
2024-12-03 17:18:52 |       251.00 |      1007.00 |        23336.00 |        40536.00 |       92.0 |        3.5
2024-12-03 17:19:52 |       251.00 |      1007.00 |        23336.00 |        40536.00 |       96.0 |        3.2
2024-12-03 17:20:53 |       254.00 |      1007.00 |        23336.00 |        40536.00 |       93.0 |        3.3
2024-12-03 17:21:53 |       252.00 |      1007.00 |        23336.00 |        40536.00 |       88.0 |        3.0
2024-12-03 17:22:54 |       304.00 |      1007.00 |        23336.00 |        40536.00 |        0.0 |        2.9
2024-12-03 17:23:54 |       306.00 |      1007.00 |        23336.00 |        40536.00 |        0.0 |        3.1
2024-12-03 17:24:54 |       304.00 |      1007.00 |        23336.00 |        40536.00 |        0.0 |        2.9
2024-12-03 17:25:54 |       307.00 |      1007.00 |        23336.00 |        40536.00 |        0.0 |        2.9
2024-12-03 17:26:55 |       305.00 |      1007.00 |        23336.00 |        40536.00 |        0.0 |        2.9
2024-12-03 17:27:55 |       308.00 |      1007.00 |        23336.00 |        40536.00 |        0.0 |        2.9
2024-12-03 17:28:55 |       311.00 |      1007.00 |        23336.00 |        40536.00 |        0.0 |        2.8
2024-12-03 17:29:56 |       309.00 |      1007.00 |        23336.00 |        40536.00 |        0.0 |        3.0
2024-12-03 17:30:56 |       311.00 |      1007.00 |        23336.00 |        40536.00 |        0.0 |        2.5
2024-12-03 17:31:56 |       309.00 |      1007.00 |        23336.00 |        40536.00 |        0.0 |        2.6
2024-12-03 17:32:57 |       312.00 |      1007.00 |        23336.00 |        40536.00 |        0.0 |        2.5
2024-12-03 17:33:57 |       314.00 |      1007.00 |        23336.00 |        40536.00 |        0.0 |        2.6
2024-12-03 17:34:57 |       312.00 |      1007.00 |        23336.00 |        40536.00 |        0.0 |        3.0
2024-12-03 17:35:58 |       315.00 |      1007.00 |        23336.00 |        40536.00 |        0.0 |        2.9
2024-12-03 17:36:58 |       312.00 |      1007.00 |        23336.00 |        40536.00 |        0.0 |        2.4
2024-12-03 17:37:58 |       315.00 |      1007.00 |        23336.00 |        40536.00 |        0.0 |        2.6
2024-12-03 17:38:59 |       318.00 |      1007.00 |        23336.00 |        40536.00 |        0.0 |        2.5
2024-12-03 17:39:59 |       316.00 |      1007.00 |        23336.00 |        40536.00 |        0.0 |        2.5
2024-12-03 17:40:59 |       318.00 |      1007.00 |        23336.00 |        40536.00 |        0.0 |        2.9
2024-12-03 17:42:00 |       316.00 |      1007.00 |        23336.00 |        40536.00 |        0.0 |        2.9
2024-12-03 17:43:00 |       319.00 |      1007.00 |        23336.00 |        40536.00 |        0.0 |        2.9
2024-12-03 17:44:00 |       321.00 |      1007.00 |        23336.00 |        40536.00 |        0.0 |        2.4
2024-12-03 17:45:00 |       319.00 |      1007.00 |        23336.00 |        40536.00 |        0.0 |        2.5
2024-12-03 17:46:01 |       322.00 |      1007.00 |        23336.00 |        40536.00 |        0.0 |        2.6
2024-12-03 17:47:01 |       319.00 |      1007.00 |        23336.00 |        40536.00 |        0.0 |        2.5
2024-12-03 17:48:01 |       323.00 |      1007.00 |        23336.00 |        40536.00 |        0.0 |        2.6
2024-12-03 17:49:02 |       319.00 |      1007.00 |        23336.00 |        40536.00 |        0.0 |        2.5
2024-12-03 17:50:02 |       322.00 |      1007.00 |        23336.00 |        40536.00 |        0.0 |        2.6
2024-12-03 17:51:02 |       325.00 |      1007.00 |        23336.00 |        40536.00 |        0.0 |        2.5
2024-12-03 17:52:03 |       323.00 |      1007.00 |        23336.00 |        40536.00 |        0.0 |        2.5
2024-12-03 17:53:03 |       326.00 |      1007.00 |        23336.00 |        40536.00 |        0.0 |        3.0
2024-12-03 17:54:03 |       324.00 |      1007.00 |        23336.00 |        40536.00 |        0.0 |        2.5
2024-12-03 17:55:04 |       327.00 |      1007.00 |        23336.00 |        40536.00 |        0.0 |        2.5
2024-12-03 17:56:04 |       328.00 |      1007.00 |        23336.00 |        40536.00 |        0.0 |        2.5
2024-12-03 17:57:04 |       326.00 |      1007.00 |        23336.00 |        40536.00 |        0.0 |        2.5
2024-12-03 17:58:04 |       329.00 |      1007.00 |        23336.00 |        40536.00 |        0.0 |        2.7
2024-12-03 17:59:05 |       326.00 |      1007.00 |        23336.00 |        40536.00 |        0.0 |        2.5
2024-12-03 18:00:05 |       329.00 |      1007.00 |        23336.00 |        40536.00 |        0.0 |        2.6
2024-12-03 18:01:06 |       327.00 |      1007.00 |        23336.00 |        40536.00 |        0.0 |        2.6
2024-12-03 18:02:06 |       330.00 |      1007.00 |        23336.00 |        40536.00 |        0.0 |        2.5
2024-12-03 18:03:06 |       332.00 |      1007.00 |        23336.00 |        40536.00 |        0.0 |        2.5
2024-12-03 18:04:07 |       331.00 |      1007.00 |        23336.00 |        40536.00 |        0.0 |        2.7
2024-12-03 18:05:07 |       333.00 |      1007.00 |        23336.00 |        40536.00 |        0.0 |        2.6
2024-12-03 18:06:07 |       331.00 |      1007.00 |        23336.00 |        40536.00 |        0.0 |        2.5
2024-12-03 18:07:08 |       334.00 |      1007.00 |        23336.00 |        40536.00 |        0.0 |        2.6
2024-12-03 18:08:08 |       331.00 |      1007.00 |        23336.00 |        40536.00 |        0.0 |        2.7
2024-12-03 18:09:08 |       334.00 |      1007.00 |        23336.00 |        40536.00 |        0.0 |        2.5
2024-12-03 18:10:09 |       337.00 |      1007.00 |        23336.00 |        40536.00 |        0.0 |        2.7
2024-12-03 18:11:09 |       335.00 |      1007.00 |        23336.00 |        40536.00 |        0.0 |        2.6
2024-12-03 18:12:09 |       338.00 |      1007.00 |        23336.00 |        40536.00 |        0.0 |        3.0
2024-12-03 18:13:09 |       335.00 |      1007.00 |        23336.00 |        40536.00 |        0.0 |        3.1
2024-12-03 18:14:10 |       337.00 |      1007.00 |        23336.00 |        40536.00 |        0.0 |        2.5
2024-12-03 18:15:10 |       340.00 |      1007.00 |        23336.00 |        40536.00 |        0.0 |        2.6
2024-12-03 18:16:10 |       339.00 |      1007.00 |        23336.00 |        40536.00 |        0.0 |        2.5
2024-12-03 18:17:11 |       342.00 |      1007.00 |        23336.00 |        40536.00 |        0.0 |        2.5
2024-12-03 18:18:11 |       340.00 |      1007.00 |        23336.00 |        40536.00 |        0.0 |        3.5
2024-12-03 18:19:11 |       343.00 |      1007.00 |        23336.00 |        40536.00 |        0.0 |        2.6
2024-12-03 18:20:12 |       345.00 |      1007.00 |        23336.00 |        40536.00 |        0.0 |        2.5
2024-12-03 18:21:12 |       342.00 |      1007.00 |        23336.00 |        40536.00 |        0.0 |        2.6
2024-12-03 18:22:12 |       345.00 |      1007.00 |        23336.00 |        40536.00 |        0.0 |        2.5
2024-12-03 18:23:13 |       348.00 |      1007.00 |        23336.00 |        40536.00 |        0.0 |        2.4
2024-12-03 18:24:13 |       346.00 |      1007.00 |        23336.00 |        40536.00 |        0.0 |        2.7
2024-12-03 18:25:13 |       349.00 |      1007.00 |        23336.00 |        40536.00 |        0.0 |        2.7
2024-12-03 18:26:14 |       347.00 |      1007.00 |        23336.00 |        40536.00 |        0.0 |        2.5
2024-12-03 18:27:14 |       350.00 |      1007.00 |        23336.00 |        40536.00 |        0.0 |        2.6
2024-12-03 18:28:14 |       347.00 |      1007.00 |        23336.00 |        40536.00 |        0.0 |        2.5
2024-12-03 18:29:15 |       351.00 |      1007.00 |        23336.00 |        40536.00 |        0.0 |        4.0
2024-12-03 18:30:15 |       352.00 |      1007.00 |        23336.00 |        40536.00 |        0.0 |        2.4
2024-12-03 18:31:15 |       351.00 |      1007.00 |        23336.00 |        40536.00 |        0.0 |        2.5
2024-12-03 18:32:16 |       353.00 |      1007.00 |        23336.00 |        40536.00 |        0.0 |        2.5
2024-12-03 18:33:16 |       351.00 |      1007.00 |        23336.00 |        40536.00 |        0.0 |        2.5
2024-12-03 18:34:16 |       354.00 |      1007.00 |        23336.00 |        40536.00 |        0.0 |        4.0
2024-12-03 18:35:16 |       194.00 |      1007.00 |        23336.00 |        40536.00 |        0.0 |        3.2
2024-12-03 18:36:17 |       230.00 |      1007.00 |        23336.00 |        40536.00 |        0.0 |        2.5
2024-12-03 18:37:17 |       148.00 |      1007.00 |        23336.00 |        40536.00 |        0.0 |        2.5
2024-12-03 18:38:17 |       145.00 |      1007.00 |        23336.00 |        40536.00 |        0.0 |        2.5
2024-12-03 18:39:18 |       148.00 |      1007.00 |        23336.00 |        40536.00 |        0.0 |        4.7
2024-12-03 18:40:19 |       150.00 |      1007.00 |        23336.00 |        40536.00 |        0.0 |        4.8
2024-12-03 18:41:19 |       147.00 |      1007.00 |        23336.00 |        40536.00 |        0.0 |        4.7
2024-12-03 18:42:20 |       149.00 |      1007.00 |        23336.00 |        40536.00 |        0.0 |        2.6
2024-12-03 18:43:20 |       146.00 |      1007.00 |        23336.00 |        40536.00 |        0.0 |        2.5
=== Final Status ===
End Time:      Tue Dec  3 18:43:34 CST 2024
Final CPU Usage: 2.2%
